<?xml version="1.0" encoding="UTF-8"?>
<!-- Generated by org.testng.reporters.JUnitXMLReporter -->
<testsuite ignored="0" hostname="LAPTOP-57Q5F189" failures="1" tests="3" name="Error Validations Test" time="23.976" errors="0" timestamp="2024-02-13T18:41:27 CST">
  <testcase classname="rahulShettyAcademy.tests.ErrorValidationsTest" name="loginErrorValidation" time="0.767">
    <skipped/>
  </testcase> <!-- loginErrorValidation -->
  <testcase classname="rahulShettyAcademy.tests.ErrorValidationsTest" name="loginErrorValidation" time="0.702">
    <failure type="java.lang.AssertionError" message="expected [Incorrect email or password.] but found [Incorrect email  password.]">
      <![CDATA[java.lang.AssertionError: expected [Incorrect email or password.] but found [Incorrect email  password.]
at rahulShettyAcademy.tests.ErrorValidationsTest.loginErrorValidation(ErrorValidationsTest.java:26)
at java.base/java.util.ArrayList.forEach(ArrayList.java:1511)
at java.base/java.util.concurrent.FutureTask.run(FutureTask.java:264)
at java.base/java.util.concurrent.ThreadPoolExecutor.runWorker(ThreadPoolExecutor.java:1136)
at java.base/java.util.concurrent.ThreadPoolExecutor$Worker.run(ThreadPoolExecutor.java:635)
at java.base/java.lang.Thread.run(Thread.java:833)
... Removed 23 stack frames]]>
    </failure>
  </testcase> <!-- loginErrorValidation -->
  <testcase classname="rahulShettyAcademy.tests.ErrorValidationsTest" name="productErrorValidation" time="3.716"/>
</testsuite> <!-- Error Validations Test -->
