<?xml version="1.0" encoding="UTF-8"?>
<!-- Generated by org.testng.reporters.JUnitXMLReporter -->
<testsuite ignored="0" hostname="LAPTOP-57Q5F189" failures="0" tests="3" name="Submit Order Test" time="28.519" errors="0" timestamp="2024-02-13T18:41:31 CST">
  <testcase classname="rahulShettyAcademy.tests.SubmitOrderTest" name="submitOrder" time="5.874"/>
  <testcase classname="rahulShettyAcademy.tests.SubmitOrderTest" name="submitOrder" time="5.045"/>
  <testcase classname="rahulShettyAcademy.tests.SubmitOrderTest" name="OrderHistoryTest" time="3.831"/>
</testsuite> <!-- Submit Order Test -->
