<?xml version="1.0" encoding="UTF-8"?>
<!-- Generated by org.testng.reporters.JUnitXMLReporter -->
<testsuite ignored="0" hostname="LAPTOP-57Q5F189" failures="0" tests="2" name="Error Validations Test" time="20.027" errors="0" timestamp="2024-02-15T09:43:02 CST">
  <testcase classname="rahulShettyAcademy.tests.ErrorValidationsTest" name="loginErrorValidation" time="0.885"/>
  <testcase classname="rahulShettyAcademy.tests.ErrorValidationsTest" name="productErrorValidation" time="4.3"/>
</testsuite> <!-- Error Validations Test -->
