<?xml version="1.0" encoding="UTF-8"?>
<!-- Generated by org.testng.reporters.JUnitXMLReporter -->
<testsuite ignored="0" hostname="LAPTOP-57Q5F189" failures="0" tests="3" name="Submit Order Test" time="29.967" errors="0" timestamp="2024-02-15T09:43:11 CST">
  <testcase classname="rahulShettyAcademy.tests.SubmitOrderTest" name="submitOrder" time="5.122"/>
  <testcase classname="rahulShettyAcademy.tests.SubmitOrderTest" name="submitOrder" time="4.769"/>
  <testcase classname="rahulShettyAcademy.tests.SubmitOrderTest" name="OrderHistoryTest" time="1.81"/>
</testsuite> <!-- Submit Order Test -->
